This is pdfTeX, Version 3.141592653-2.6-1.40.25 (TeX Live 2023/Debian) (preloaded format=pdflatex 2026.4.21)  10 JUN 2026 15:07
entering extended mode
 restricted \write18 enabled.
 file:line:error style messages enabled.
 %&-line parsing enabled.
**"/home/thongluc/KhĂła Luáş­n Tá»‘t Nghiá»‡p/PGA_Unet2D/Submission_PGA_Unet2D/03_Minh_Chung_Hinh_Anh.tex"
(/home/thongluc/KhĂła Luáş­n Tá»‘t Nghiá»‡p/PGA_Unet2D/Submission_PGA_Unet2D/03_Minh_Chung_Hinh_Anh.tex
LaTeX2e <2023-11-01> patch level 1
L3 programming layer <2024-01-22>
(/usr/share/texlive/texmf-dist/tex/latex/base/article.cls
Document Class: article 2023/05/17 v1.4n Standard LaTeX document class
(/usr/share/texlive/texmf-dist/tex/latex/base/size12.clo
File: size12.clo 2023/05/17 v1.4n Standard LaTeX file (size option)
)
\c@part=\count187
\c@section=\count188
\c@subsection=\count189
\c@subsubsection=\count190
\c@paragraph=\count191
\c@subparagraph=\count192
\c@figure=\count193
\c@table=\count194
\abovecaptionskip=\skip48
\belowcaptionskip=\skip49
\bibindent=\dimen140
) (/usr/share/texlive/texmf-dist/tex/latex/base/fontenc.sty
Package: fontenc 2021/04/29 v2.0v Standard LaTeX package
 (/home/thongluc/texmf/tex/latex/vntex/t5enc.def
File: t5enc.def 2006/11/21 v1.4 Vietnamese T5 encoding
Now handling font encoding T5 ...
... processing UTF-8 mapping file for font encoding T5
 (/home/thongluc/texmf/tex/latex/vntex/t5enc.dfu
File: t5enc.dfu 2006/08/19 v1.1 UTF8 support for Vietnamese
   defining Unicode char U+00AB (decimal 171)
   defining Unicode char U+00BB (decimal 187)
   defining Unicode char U+00C0 (decimal 192)
   defining Unicode char U+00C1 (decimal 193)
   defining Unicode char U+00C2 (decimal 194)
   defining Unicode char U+00C3 (decimal 195)
   defining Unicode char U+00C8 (decimal 200)
   defining Unicode char U+00C9 (decimal 201)
   defining Unicode char U+00CA (decimal 202)
   defining Unicode char U+00CC (decimal 204)
   defining Unicode char U+00CD (decimal 205)
   defining Unicode char U+00D2 (decimal 210)
   defining Unicode char U+00D3 (decimal 211)
   defining Unicode char U+00D4 (decimal 212)
   defining Unicode char U+00D5 (decimal 213)
   defining Unicode char U+00D9 (decimal 217)
   defining Unicode char U+00DA (decimal 218)
   defining Unicode char U+00DD (decimal 221)
   defining Unicode char U+00E0 (decimal 224)
   defining Unicode char U+00E1 (decimal 225)
   defining Unicode char U+00E2 (decimal 226)
   defining Unicode char U+00E3 (decimal 227)
   defining Unicode char U+00E8 (decimal 232)
   defining Unicode char U+00E9 (decimal 233)
   defining Unicode char U+00EA (decimal 234)
   defining Unicode char U+00EC (decimal 236)
   defining Unicode char U+00ED (decimal 237)
   defining Unicode char U+00F2 (decimal 242)
   defining Unicode char U+00F3 (decimal 243)
   defining Unicode char U+00F4 (decimal 244)
   defining Unicode char U+00F5 (decimal 245)
   defining Unicode char U+00F9 (decimal 249)
   defining Unicode char U+00FA (decimal 250)
   defining Unicode char U+00FD (decimal 253)
   defining Unicode char U+0102 (decimal 258)
   defining Unicode char U+0103 (decimal 259)
   defining Unicode char U+0110 (decimal 272)
   defining Unicode char U+0111 (decimal 273)
   defining Unicode char U+0128 (decimal 296)
   defining Unicode char U+0129 (decimal 297)
   defining Unicode char U+0131 (decimal 305)
   defining Unicode char U+0168 (decimal 360)
   defining Unicode char U+0169 (decimal 361)
   defining Unicode char U+01A0 (decimal 416)
   defining Unicode char U+01A1 (decimal 417)
   defining Unicode char U+01AF (decimal 431)
   defining Unicode char U+01B0 (decimal 432)
   defining Unicode char U+1EA0 (decimal 7840)
   defining Unicode char U+1EA1 (decimal 7841)
   defining Unicode char U+1EA2 (decimal 7842)
   defining Unicode char U+1EA3 (decimal 7843)
   defining Unicode char U+1EA4 (decimal 7844)
   defining Unicode char U+1EA5 (decimal 7845)
   defining Unicode char U+1EA6 (decimal 7846)
   defining Unicode char U+1EA7 (decimal 7847)
   defining Unicode char U+1EA8 (decimal 7848)
   defining Unicode char U+1EA9 (decimal 7849)
   defining Unicode char U+1EAA (decimal 7850)
   defining Unicode char U+1EAB (decimal 7851)
   defining Unicode char U+1EAC (decimal 7852)
   defining Unicode char U+1EAD (decimal 7853)
   defining Unicode char U+1EAE (decimal 7854)
   defining Unicode char U+1EAF (decimal 7855)
   defining Unicode char U+1EB0 (decimal 7856)
   defining Unicode char U+1EB1 (decimal 7857)
   defining Unicode char U+1EB2 (decimal 7858)
   defining Unicode char U+1EB3 (decimal 7859)
   defining Unicode char U+1EB4 (decimal 7860)
   defining Unicode char U+1EB5 (decimal 7861)
   defining Unicode char U+1EB6 (decimal 7862)
   defining Unicode char U+1EB7 (decimal 7863)
   defining Unicode char U+1EB8 (decimal 7864)
   defining Unicode char U+1EB9 (decimal 7865)
   defining Unicode char U+1EBA (decimal 7866)
   defining Unicode char U+1EBB (decimal 7867)
   defining Unicode char U+1EBC (decimal 7868)
   defining Unicode char U+1EBD (decimal 7869)
   defining Unicode char U+1EBE (decimal 7870)
   defining Unicode char U+1EBF (decimal 7871)
   defining Unicode char U+1EC0 (decimal 7872)
   defining Unicode char U+1EC1 (decimal 7873)
   defining Unicode char U+1EC2 (decimal 7874)
   defining Unicode char U+1EC3 (decimal 7875)
   defining Unicode char U+1EC4 (decimal 7876)
   defining Unicode char U+1EC5 (decimal 7877)
   defining Unicode char U+1EC6 (decimal 7878)
   defining Unicode char U+1EC7 (decimal 7879)
   defining Unicode char U+1EC8 (decimal 7880)
   defining Unicode char U+1EC9 (decimal 7881)
   defining Unicode char U+1ECA (decimal 7882)
   defining Unicode char U+1ECB (decimal 7883)
   defining Unicode char U+1ECC (decimal 7884)
   defining Unicode char U+1ECD (decimal 7885)
   defining Unicode char U+1ECE (decimal 7886)
   defining Unicode char U+1ECF (decimal 7887)
   defining Unicode char U+1ED0 (decimal 7888)
   defining Unicode char U+1ED1 (decimal 7889)
   defining Unicode char U+1ED2 (decimal 7890)
   defining Unicode char U+1ED3 (decimal 7891)
   defining Unicode char U+1ED4 (decimal 7892)
   defining Unicode char U+1ED5 (decimal 7893)
   defining Unicode char U+1ED6 (decimal 7894)
   defining Unicode char U+1ED7 (decimal 7895)
   defining Unicode char U+1ED8 (decimal 7896)
   defining Unicode char U+1ED9 (decimal 7897)
   defining Unicode char U+1EDA (decimal 7898)
   defining Unicode char U+1EDB (decimal 7899)
   defining Unicode char U+1EDC (decimal 7900)
   defining Unicode char U+1EDD (decimal 7901)
   defining Unicode char U+1EDE (decimal 7902)
   defining Unicode char U+1EDF (decimal 7903)
   defining Unicode char U+1EE0 (decimal 7904)
   defining Unicode char U+1EE1 (decimal 7905)
   defining Unicode char U+1EE2 (decimal 7906)
   defining Unicode char U+1EE3 (decimal 7907)
   defining Unicode char U+1EE4 (decimal 7908)
   defining Unicode char U+1EE5 (decimal 7909)
   defining Unicode char U+1EE6 (decimal 7910)
   defining Unicode char U+1EE7 (decimal 7911)
   defining Unicode char U+1EE8 (decimal 7912)
   defining Unicode char U+1EE9 (decimal 7913)
   defining Unicode char U+1EEA (decimal 7914)
   defining Unicode char U+1EEB (decimal 7915)
   defining Unicode char U+1EEC (decimal 7916)
   defining Unicode char U+1EED (decimal 7917)
   defining Unicode char U+1EEE (decimal 7918)
   defining Unicode char U+1EEF (decimal 7919)
   defining Unicode char U+1EF0 (decimal 7920)
   defining Unicode char U+1EF1 (decimal 7921)
   defining Unicode char U+1EF2 (decimal 7922)
   defining Unicode char U+1EF3 (decimal 7923)
   defining Unicode char U+1EF4 (decimal 7924)
   defining Unicode char U+1EF5 (decimal 7925)
   defining Unicode char U+1EF6 (decimal 7926)
   defining Unicode char U+1EF7 (decimal 7927)
   defining Unicode char U+1EF8 (decimal 7928)
   defining Unicode char U+1EF9 (decimal 7929)
   defining Unicode char U+200C (decimal 8204)
   defining Unicode char U+2013 (decimal 8211)
   defining Unicode char U+2014 (decimal 8212)
   defining Unicode char U+2018 (decimal 8216)
   defining Unicode char U+2019 (decimal 8217)
   defining Unicode char U+201A (decimal 8218)
   defining Unicode char U+201C (decimal 8220)
   defining Unicode char U+201D (decimal 8221)
   defining Unicode char U+201E (decimal 8222)
   defining Unicode char U+2030 (decimal 8240)
   defining Unicode char U+2031 (decimal 8241)
   defining Unicode char U+2039 (decimal 8249)
   defining Unicode char U+203A (decimal 8250)
   defining Unicode char U+2423 (decimal 9251)
))
LaTeX Font Info:    Trying to load font information for T5+cmr on input line 112.
 (/home/thongluc/texmf/tex/latex/vntex/t5cmr.fd
File: t5cmr.fd 1999/05/25 v2.5h Standard LaTeX font definitions
)) (/usr/share/texlive/texmf-dist/tex/latex/base/inputenc.sty
Package: inputenc 2021/02/14 v1.3d Input encoding file
\inpenc@prehook=\toks17
\inpenc@posthook=\toks18
) (/usr/share/texlive/texmf-dist/tex/generic/babel/babel.sty
Package: babel 2024/01/07 v24.1 The Babel package
\babel@savecnt=\count195
\U@D=\dimen141
\l@unhyphenated=\language5
 (/usr/share/texlive/texmf-dist/tex/generic/babel/txtbabel.def)
\bbl@readstream=\read2
\bbl@dirlevel=\count196
 (/usr/share/texlive/texmf-dist/tex/generic/babel-english/english.ldf
Language: english 2017/06/06 v3.3r English support from the babel system
Package babel Info: Hyphen rules for 'british' set to \l@english
(babel)             (\language0). Reported on input line 82.
Package babel Info: Hyphen rules for 'UKenglish' set to \l@english
(babel)             (\language0). Reported on input line 83.
Package babel Info: Hyphen rules for 'canadian' set to \l@english
(babel)             (\language0). Reported on input line 102.
Package babel Info: Hyphen rules for 'australian' set to \l@english
(babel)             (\language0). Reported on input line 105.
Package babel Info: Hyphen rules for 'newzealand' set to \l@english
(babel)             (\language0). Reported on input line 108.
)) (/usr/share/texlive/texmf-dist/tex/generic/babel/locale/en/babel-english.tex
Package babel Info: Importing font and identification data for english
(babel)             from babel-en.ini. Reported on input line 11.
) (/usr/share/texlive/texmf-dist/tex/latex/geometry/geometry.sty
Package: geometry 2020/01/02 v5.9 Page Geometry
 (/usr/share/texlive/texmf-dist/tex/latex/graphics/keyval.sty
Package: keyval 2022/05/29 v1.15 key=value parser (DPC)
\KV@toks@=\toks19
) (/usr/share/texlive/texmf-dist/tex/generic/iftex/ifvtex.sty
Package: ifvtex 2019/10/25 v1.7 ifvtex legacy package. Use iftex instead.
 (/usr/share/texlive/texmf-dist/tex/generic/iftex/iftex.sty
Package: iftex 2022/02/03 v1.0f TeX engine tests
))
\Gm@cnth=\count197
\Gm@cntv=\count198
\c@Gm@tempcnt=\count199
\Gm@bindingoffset=\dimen142
\Gm@wd@mp=\dimen143
\Gm@odd@mp=\dimen144
\Gm@even@mp=\dimen145
\Gm@layoutwidth=\dimen146
\Gm@layoutheight=\dimen147
\Gm@layouthoffset=\dimen148
\Gm@layoutvoffset=\dimen149
\Gm@dimlist=\toks20
) (/usr/share/texlive/texmf-dist/tex/latex/setspace/setspace.sty
Package: setspace 2022/12/04 v6.7b set line spacing
) (/usr/share/texlive/texmf-dist/tex/latex/parskip/parskip.sty
Package: parskip 2021-03-14 v2.0h non-zero parskip adjustments
 (/usr/share/texlive/texmf-dist/tex/latex/kvoptions/kvoptions.sty
Package: kvoptions 2022-06-15 v3.15 Key value format for package options (HO)
 (/usr/share/texlive/texmf-dist/tex/generic/ltxcmds/ltxcmds.sty
Package: ltxcmds 2023-12-04 v1.26 LaTeX kernel commands for general use (HO)
) (/usr/share/texlive/texmf-dist/tex/latex/kvsetkeys/kvsetkeys.sty
Package: kvsetkeys 2022-10-05 v1.19 Key value parser (HO)
)) (/usr/share/texlive/texmf-dist/tex/latex/etoolbox/etoolbox.sty
Package: etoolbox 2020/10/05 v2.5k e-TeX tools for LaTeX (JAW)
\etb@tempcnta=\count266
)) (/usr/share/texlive/texmf-dist/tex/latex/booktabs/booktabs.sty
Package: booktabs 2020/01/12 v1.61803398 Publication quality tables
\heavyrulewidth=\dimen150
\lightrulewidth=\dimen151
\cmidrulewidth=\dimen152
\belowrulesep=\dimen153
\belowbottomsep=\dimen154
\aboverulesep=\dimen155
\abovetopsep=\dimen156
\cmidrulesep=\dimen157
\cmidrulekern=\dimen158
\defaultaddspace=\dimen159
\@cmidla=\count267
\@cmidlb=\count268
\@aboverulesep=\dimen160
\@belowrulesep=\dimen161
\@thisruleclass=\count269
\@lastruleclass=\count270
\@thisrulewidth=\dimen162
) (/usr/share/texlive/texmf-dist/tex/latex/tools/tabularx.sty
Package: tabularx 2023/07/08 v2.11c `tabularx' package (DPC)
 (/usr/share/texlive/texmf-dist/tex/latex/tools/array.sty
Package: array 2023/10/16 v2.5g Tabular extension package (FMi)
\col@sep=\dimen163
\ar@mcellbox=\box51
\extrarowheight=\dimen164
\NC@list=\toks21
\extratabsurround=\skip50
\backup@length=\skip51
\ar@cellbox=\box52
)
\TX@col@width=\dimen165
\TX@old@table=\dimen166
\TX@old@col=\dimen167
\TX@target=\dimen168
\TX@delta=\dimen169
\TX@cols=\count271
\TX@ftn=\toks22
) (/usr/share/texlive/texmf-dist/tex/latex/multirow/multirow.sty
Package: multirow 2021/03/15 v2.8 Span multiple rows of a table
\multirow@colwidth=\skip52
\multirow@cntb=\count272
\multirow@dima=\skip53
\bigstrutjot=\dimen170
) (/usr/share/texlive/texmf-dist/tex/latex/tools/longtable.sty
Package: longtable 2023-11-01 v4.19 Multi-page Table package (DPC)
\LTleft=\skip54
\LTright=\skip55
\LTpre=\skip56
\LTpost=\skip57
\LTchunksize=\count273
\LTcapwidth=\dimen171
\LT@head=\box53
\LT@firsthead=\box54
\LT@foot=\box55
\LT@lastfoot=\box56
\LT@gbox=\box57
\LT@cols=\count274
\LT@rows=\count275
\c@LT@tables=\count276
\c@LT@chunks=\count277
\LT@p@ftn=\toks23
) (/usr/share/texlive/texmf-dist/tex/latex/graphics/graphicx.sty
Package: graphicx 2021/09/16 v1.2d Enhanced LaTeX Graphics (DPC,SPQR)
 (/usr/share/texlive/texmf-dist/tex/latex/graphics/graphics.sty
Package: graphics 2022/03/10 v1.4e Standard LaTeX Graphics (DPC,SPQR)
 (/usr/share/texlive/texmf-dist/tex/latex/graphics/trig.sty
Package: trig 2021/08/11 v1.11 sin cos tan (DPC)
) (/usr/share/texlive/texmf-dist/tex/latex/graphics-cfg/graphics.cfg
File: graphics.cfg 2016/06/04 v1.11 sample graphics configuration
)
Package graphics Info: Driver file: pdftex.def on input line 107.
 (/usr/share/texlive/texmf-dist/tex/latex/graphics-def/pdftex.def
File: pdftex.def 2022/09/22 v1.2b Graphics/color driver for pdftex
))
\Gin@req@height=\dimen172
\Gin@req@width=\dimen173
) (/usr/share/texlive/texmf-dist/tex/latex/amsmath/amsmath.sty
Package: amsmath 2023/05/13 v2.17o AMS math features
\@mathmargin=\skip58

For additional information on amsmath, use the `?' option.
(/usr/share/texlive/texmf-dist/tex/latex/amsmath/amstext.sty
Package: amstext 2021/08/26 v2.01 AMS text
 (/usr/share/texlive/texmf-dist/tex/latex/amsmath/amsgen.sty
File: amsgen.sty 1999/11/30 v2.0 generic functions
\@emptytoks=\toks24
\ex@=\dimen174
)) (/usr/share/texlive/texmf-dist/tex/latex/amsmath/amsbsy.sty
Package: amsbsy 1999/11/29 v1.2d Bold Symbols
\pmbraise@=\dimen175
) (/usr/share/texlive/texmf-dist/tex/latex/amsmath/amsopn.sty
Package: amsopn 2022/04/08 v2.04 operator names
)
\inf@bad=\count278
LaTeX Info: Redefining \frac on input line 234.
\uproot@=\count279
\leftroot@=\count280
LaTeX Info: Redefining \overline on input line 399.
LaTeX Info: Redefining \colon on input line 410.
\classnum@=\count281
\DOTSCASE@=\count282
LaTeX Info: Redefining \ldots on input line 496.
LaTeX Info: Redefining \dots on input line 499.
LaTeX Info: Redefining \cdots on input line 620.
\Mathstrutbox@=\box58
\strutbox@=\box59
LaTeX Info: Redefining \big on input line 722.
LaTeX Info: Redefining \Big on input line 723.
LaTeX Info: Redefining \bigg on input line 724.
LaTeX Info: Redefining \Bigg on input line 725.
\big@size=\dimen176
LaTeX Font Info:    Redeclaring font encoding OML on input line 743.
LaTeX Font Info:    Redeclaring font encoding OMS on input line 744.
\macc@depth=\count283
LaTeX Info: Redefining \bmod on input line 905.
LaTeX Info: Redefining \pmod on input line 910.
LaTeX Info: Redefining \smash on input line 940.
LaTeX Info: Redefining \relbar on input line 970.
LaTeX Info: Redefining \Relbar on input line 971.
\c@MaxMatrixCols=\count284
\dotsspace@=\muskip16
\c@parentequation=\count285
\dspbrk@lvl=\count286
\tag@help=\toks25
\row@=\count287
\column@=\count288
\maxfields@=\count289
\andhelp@=\toks26
\eqnshift@=\dimen177
\alignsep@=\dimen178
\tagshift@=\dimen179
\tagwidth@=\dimen180
\totwidth@=\dimen181
\lineht@=\dimen182
\@envbody=\toks27
\multlinegap=\skip59
\multlinetaggap=\skip60
\mathdisplay@stack=\toks28
LaTeX Info: Redefining \[ on input line 2953.
LaTeX Info: Redefining \] on input line 2954.
) (/usr/share/texlive/texmf-dist/tex/latex/amsfonts/amssymb.sty
Package: amssymb 2013/01/14 v3.01 AMS font symbols
 (/usr/share/texlive/texmf-dist/tex/latex/amsfonts/amsfonts.sty
Package: amsfonts 2013/01/14 v3.01 Basic AMSFonts support
\symAMSa=\mathgroup4
\symAMSb=\mathgroup5
LaTeX Font Info:    Redeclaring math symbol \hbar on input line 98.
LaTeX Font Info:    Overwriting math alphabet `\mathfrak' in version `bold'
(Font)                  U/euf/m/n --> U/euf/b/n on input line 106.
)) (/usr/share/texlive/texmf-dist/tex/latex/xcolor/xcolor.sty
Package: xcolor 2023/11/15 v3.01 LaTeX color extensions (UK)
 (/usr/share/texlive/texmf-dist/tex/latex/graphics-cfg/color.cfg
File: color.cfg 2016/01/02 v1.6 sample color configuration
)
Package xcolor Info: Driver file: pdftex.def on input line 274.
 (/usr/share/texlive/texmf-dist/tex/latex/graphics/mathcolor.ltx)
Package xcolor Info: Model `cmy' substituted by `cmy0' on input line 1350.
Package xcolor Info: Model `hsb' substituted by `rgb' on input line 1354.
Package xcolor Info: Model `RGB' extended on input line 1366.
Package xcolor Info: Model `HTML' substituted by `rgb' on input line 1368.
Package xcolor Info: Model `Hsb' substituted by `hsb' on input line 1369.
Package xcolor Info: Model `tHsb' substituted by `hsb' on input line 1370.
Package xcolor Info: Model `HSB' substituted by `hsb' on input line 1371.
Package xcolor Info: Model `Gray' substituted by `gray' on input line 1372.
Package xcolor Info: Model `wave' substituted by `hsb' on input line 1373.
) (/usr/share/texlive/texmf-dist/tex/latex/graphics/dvipsnam.def
File: dvipsnam.def 2016/06/17 v3.0m Driver-dependent file (DPC,SPQR)
) (/usr/share/texlive/texmf-dist/tex/latex/hyperref/hyperref.sty
Package: hyperref 2024-01-20 v7.01h Hypertext links for LaTeX
 (/usr/share/texlive/texmf-dist/tex/generic/kvdefinekeys/kvdefinekeys.sty
Package: kvdefinekeys 2019-12-19 v1.6 Define keys (HO)
) (/usr/share/texlive/texmf-dist/tex/generic/pdfescape/pdfescape.sty
Package: pdfescape 2019/12/09 v1.15 Implements pdfTeX's escape features (HO)
 (/usr/share/texlive/texmf-dist/tex/generic/pdftexcmds/pdftexcmds.sty
Package: pdftexcmds 2020-06-27 v0.33 Utility functions of pdfTeX for LuaTeX (HO)
 (/usr/share/texlive/texmf-dist/tex/generic/infwarerr/infwarerr.sty
Package: infwarerr 2019/12/03 v1.5 Providing info/warning/error messages (HO)
)
Package pdftexcmds Info: \pdf@primitive is available.
Package pdftexcmds Info: \pdf@ifprimitive is available.
Package pdftexcmds Info: \pdfdraftmode found.
)) (/usr/share/texlive/texmf-dist/tex/latex/hycolor/hycolor.sty
Package: hycolor 2020-01-27 v1.10 Color options for hyperref/bookmark (HO)
) (/usr/share/texlive/texmf-dist/tex/latex/auxhook/auxhook.sty
Package: auxhook 2019-12-17 v1.6 Hooks for auxiliary files (HO)
) (/usr/share/texlive/texmf-dist/tex/latex/hyperref/nameref.sty
Package: nameref 2023-11-26 v2.56 Cross-referencing by name of section
 (/usr/share/texlive/texmf-dist/tex/latex/refcount/refcount.sty
Package: refcount 2019/12/15 v3.6 Data extraction from label references (HO)
) (/usr/share/texlive/texmf-dist/tex/generic/gettitlestring/gettitlestring.sty
Package: gettitlestring 2019/12/15 v1.6 Cleanup title references (HO)
)
\c@section@level=\count290
)
\@linkdim=\dimen183
\Hy@linkcounter=\count291
\Hy@pagecounter=\count292
 (/usr/share/texlive/texmf-dist/tex/latex/hyperref/pd1enc.def
File: pd1enc.def 2024-01-20 v7.01h Hyperref: PDFDocEncoding definition (HO)
Now handling font encoding PD1 ...
... no UTF-8 mapping file for font encoding PD1
) (/usr/share/texlive/texmf-dist/tex/generic/intcalc/intcalc.sty
Package: intcalc 2019/12/15 v1.3 Expandable calculations with integers (HO)
)
\Hy@SavedSpaceFactor=\count293
 (/usr/share/texlive/texmf-dist/tex/latex/hyperref/puenc.def
File: puenc.def 2024-01-20 v7.01h Hyperref: PDF Unicode definition (HO)
Now handling font encoding PU ...
... no UTF-8 mapping file for font encoding PU
)
Package hyperref Info: Hyper figures OFF on input line 4179.
Package hyperref Info: Link nesting OFF on input line 4184.
Package hyperref Info: Hyper index ON on input line 4187.
Package hyperref Info: Plain pages OFF on input line 4194.
Package hyperref Info: Backreferencing OFF on input line 4199.
Package hyperref Info: Implicit mode ON; LaTeX internals redefined.
Package hyperref Info: Bookmarks ON on input line 4446.
\c@Hy@tempcnt=\count294
 (/usr/share/texlive/texmf-dist/tex/latex/url/url.sty
\Urlmuskip=\muskip17
Package: url 2013/09/16  ver 3.4  Verb mode for urls, etc.
)
LaTeX Info: Redefining \url on input line 4784.
\XeTeXLinkMargin=\dimen184
 (/usr/share/texlive/texmf-dist/tex/generic/bitset/bitset.sty
Package: bitset 2019/12/09 v1.3 Handle bit-vector datatype (HO)
 (/usr/share/texlive/texmf-dist/tex/generic/bigintcalc/bigintcalc.sty
Package: bigintcalc 2019/12/15 v1.5 Expandable calculations on big integers (HO)
))
\Fld@menulength=\count295
\Field@Width=\dimen185
\Fld@charsize=\dimen186
Package hyperref Info: Hyper figures OFF on input line 6063.
Package hyperref Info: Link nesting OFF on input line 6068.
Package hyperref Info: Hyper index ON on input line 6071.
Package hyperref Info: backreferencing OFF on input line 6078.
Package hyperref Info: Link coloring OFF on input line 6083.
Package hyperref Info: Link coloring with OCG OFF on input line 6088.
Package hyperref Info: PDF/A mode OFF on input line 6093.
 (/usr/share/texlive/texmf-dist/tex/latex/base/atbegshi-ltx.sty
Package: atbegshi-ltx 2021/01/10 v1.0c Emulation of the original atbegshi
package with kernel methods
)
\Hy@abspage=\count296
\c@Item=\count297
\c@Hfootnote=\count298
)
Package hyperref Info: Driver (autodetected): hpdftex.
 (/usr/share/texlive/texmf-dist/tex/latex/hyperref/hpdftex.def
File: hpdftex.def 2024-01-20 v7.01h Hyperref driver for pdfTeX
 (/usr/share/texlive/texmf-dist/tex/latex/base/atveryend-ltx.sty
Package: atveryend-ltx 2020/08/19 v1.0a Emulation of the original atveryend package
with kernel methods
)
\Fld@listcount=\count299
\c@bookmark@seq@number=\count300
 (/usr/share/texlive/texmf-dist/tex/latex/rerunfilecheck/rerunfilecheck.sty
Package: rerunfilecheck 2022-07-10 v1.10 Rerun checks for auxiliary files (HO)
 (/usr/share/texlive/texmf-dist/tex/generic/uniquecounter/uniquecounter.sty
Package: uniquecounter 2019/12/15 v1.4 Provide unlimited unique counter (HO)
)
Package uniquecounter Info: New unique counter `rerunfilecheck' on input line 285.
)
\Hy@SectionHShift=\skip61
) (/usr/share/texlive/texmf-dist/tex/latex/enumitem/enumitem.sty
Package: enumitem 2019/06/20 v3.9 Customized lists
\labelindent=\skip62
\enit@outerparindent=\dimen187
\enit@toks=\toks29
\enit@inbox=\box60
\enit@count@id=\count301
\enitdp@description=\count302
) (/usr/share/texlive/texmf-dist/tex/latex/fancyhdr/fancyhdr.sty
Package: fancyhdr 2022/11/09 v4.1 Extensive control of page headers and footers
\f@nch@headwidth=\skip63
\f@nch@O@elh=\skip64
\f@nch@O@erh=\skip65
\f@nch@O@olh=\skip66
\f@nch@O@orh=\skip67
\f@nch@O@elf=\skip68
\f@nch@O@erf=\skip69
\f@nch@O@olf=\skip70
\f@nch@O@orf=\skip71
) (/usr/share/texlive/texmf-dist/tex/latex/titlesec/titlesec.sty
Package: titlesec 2023/10/27 v2.16 Sectioning titles
\ttl@box=\box61
\beforetitleunit=\skip72
\aftertitleunit=\skip73
\ttl@plus=\dimen188
\ttl@minus=\dimen189
\ttl@toksa=\toks30
\titlewidth=\dimen190
\titlewidthlast=\dimen191
\titlewidthfirst=\dimen192
) (/usr/share/texlive/texmf-dist/tex/latex/l3backend/l3backend-pdftex.def
File: l3backend-pdftex.def 2024-01-04 L3 backend support: PDF output (pdfTeX)
\l__color_backend_stack_int=\count303
\l__pdf_internal_box=\box62
) (./03_Minh_Chung_Hinh_Anh.aux)
\openout1 = `03_Minh_Chung_Hinh_Anh.aux'.

LaTeX Font Info:    Checking defaults for OML/cmm/m/it on input line 41.
LaTeX Font Info:    ... okay on input line 41.
LaTeX Font Info:    Checking defaults for OMS/cmsy/m/n on input line 41.
LaTeX Font Info:    ... okay on input line 41.
LaTeX Font Info:    Checking defaults for OT1/cmr/m/n on input line 41.
LaTeX Font Info:    ... okay on input line 41.
LaTeX Font Info:    Checking defaults for T1/cmr/m/n on input line 41.
LaTeX Font Info:    ... okay on input line 41.
LaTeX Font Info:    Checking defaults for TS1/cmr/m/n on input line 41.
LaTeX Font Info:    ... okay on input line 41.
LaTeX Font Info:    Checking defaults for OMX/cmex/m/n on input line 41.
LaTeX Font Info:    ... okay on input line 41.
LaTeX Font Info:    Checking defaults for U/cmr/m/n on input line 41.
LaTeX Font Info:    ... okay on input line 41.
LaTeX Font Info:    Checking defaults for T5/cmr/m/n on input line 41.
LaTeX Font Info:    ... okay on input line 41.
LaTeX Font Info:    Checking defaults for PD1/pdf/m/n on input line 41.
LaTeX Font Info:    ... okay on input line 41.
LaTeX Font Info:    Checking defaults for PU/pdf/m/n on input line 41.
LaTeX Font Info:    ... okay on input line 41.

*geometry* driver: auto-detecting
*geometry* detected driver: pdftex
*geometry* verbose mode - [ preamble ] result:
* driver: pdftex
* paper: a4paper
* layout: <same size as paper>
* layoutoffset:(h,v)=(0.0pt,0.0pt)
* modes: 
* h-part:(L,W,R)=(85.35826pt, 455.24411pt, 56.9055pt)
* v-part:(T,H,B)=(71.13188pt, 702.78308pt, 71.13188pt)
* \paperwidth=597.50787pt
* \paperheight=845.04684pt
* \textwidth=455.24411pt
* \textheight=702.78308pt
* \oddsidemargin=13.08827pt
* \evensidemargin=13.08827pt
* \topmargin=-38.1381pt
* \headheight=12.0pt
* \headsep=25.0pt
* \topskip=12.0pt
* \footskip=30.0pt
* \marginparwidth=35.0pt
* \marginparsep=10.0pt
* \columnsep=10.0pt
* \skip\footins=10.8pt plus 4.0pt minus 2.0pt
* \hoffset=0.0pt
* \voffset=0.0pt
* \mag=1000
* \@twocolumnfalse
* \@twosidefalse
* \@mparswitchfalse
* \@reversemarginfalse
* (1in=72.27pt=25.4mm, 1cm=28.453pt)

(/usr/share/texlive/texmf-dist/tex/context/base/mkii/supp-pdf.mkii
[Loading MPS to PDF converter (version 2006.09.02).]
\scratchcounter=\count304
\scratchdimen=\dimen193
\scratchbox=\box63
\nofMPsegments=\count305
\nofMParguments=\count306
\everyMPshowfont=\toks31
\MPscratchCnt=\count307
\MPscratchDim=\dimen194
\MPnumerator=\count308
\makeMPintoPDFobject=\count309
\everyMPtoPDFconversion=\toks32
) (/usr/share/texlive/texmf-dist/tex/latex/epstopdf-pkg/epstopdf-base.sty
Package: epstopdf-base 2020-01-24 v2.11 Base part for package epstopdf
Package epstopdf-base Info: Redefining graphics rule for `.eps' on input line 485.
 (/usr/share/texlive/texmf-dist/tex/latex/latexconfig/epstopdf-sys.cfg
File: epstopdf-sys.cfg 2010/07/13 v1.3 Configuration of (r)epstopdf for TeX Live
))
Package hyperref Info: Link coloring OFF on input line 41.
 (./03_Minh_Chung_Hinh_Anh.out) (./03_Minh_Chung_Hinh_Anh.out)
\@outlinefile=\write3
\openout3 = `03_Minh_Chung_Hinh_Anh.out'.

 (./03_Minh_Chung_Hinh_Anh/03_Minh_Chung_Hinh_Anh.tex
LaTeX Font Info:    Trying to load font information for T5+cmtt on input line 4.
 (/home/thongluc/texmf/tex/latex/vntex/t5cmtt.fd
File: t5cmtt.fd 1999/05/25 v2.5h Standard LaTeX font definitions
)

Package hyperref Warning: Difference (2) between bookmark levels is greater 
(hyperref)                than one, level fixed on input line 9.

LaTeX Font Info:    Trying to load font information for U+msa on input line 41.
(/usr/share/texlive/texmf-dist/tex/latex/amsfonts/umsa.fd
File: umsa.fd 2013/01/14 v3.01 AMS symbols A
)
LaTeX Font Info:    Trying to load font information for U+msb on input line 41.
 (/usr/share/texlive/texmf-dist/tex/latex/amsfonts/umsb.fd
File: umsb.fd 2013/01/14 v3.01 AMS symbols B
)
<03_Minh_Chung_Hinh_Anh/images/pga-unet2d_01.png, id=64, 1424.4417pt x 2931.9939pt>
File: 03_Minh_Chung_Hinh_Anh/images/pga-unet2d_01.png Graphic file (type png)
<use 03_Minh_Chung_Hinh_Anh/images/pga-unet2d_01.png>
Package pdftex.def Info: 03_Minh_Chung_Hinh_Anh/images/pga-unet2d_01.png  used on input line 67.
(pdftex.def)             Requested size: 455.24411pt x 937.0493pt.


LaTeX Warning: Float too large for page by 234.26622pt on input line 68.

[1

{/var/lib/texmf/fonts/map/pdftex/updmap/pdftex.map}] [2 <./03_Minh_Chung_Hinh_Anh/images/pga-unet2d_01.png>]
<03_Minh_Chung_Hinh_Anh/images/vis_pga_01.png, id=86, 1424.4417pt x 2931.9939pt>
File: 03_Minh_Chung_Hinh_Anh/images/vis_pga_01.png Graphic file (type png)
<use 03_Minh_Chung_Hinh_Anh/images/vis_pga_01.png>
Package pdftex.def Info: 03_Minh_Chung_Hinh_Anh/images/vis_pga_01.png  used on input line 78.
(pdftex.def)             Requested size: 455.24411pt x 937.0493pt.


LaTeX Warning: Float too large for page by 234.26622pt on input line 79.

<03_Minh_Chung_Hinh_Anh/images/unet2d_01.png, id=87, 1396.2564pt x 357.7365pt>
File: 03_Minh_Chung_Hinh_Anh/images/unet2d_01.png Graphic file (type png)
<use 03_Minh_Chung_Hinh_Anh/images/unet2d_01.png>
Package pdftex.def Info: 03_Minh_Chung_Hinh_Anh/images/unet2d_01.png  used on input line 92.
(pdftex.def)             Requested size: 218.51521pt x 55.98352pt.
<03_Minh_Chung_Hinh_Anh/images/unet2d_02.png, id=88, 1396.2564pt x 357.7365pt>
File: 03_Minh_Chung_Hinh_Anh/images/unet2d_02.png Graphic file (type png)
<use 03_Minh_Chung_Hinh_Anh/images/unet2d_02.png>
Package pdftex.def Info: 03_Minh_Chung_Hinh_Anh/images/unet2d_02.png  used on input line 93.
(pdftex.def)             Requested size: 218.51521pt x 55.98352pt.
<03_Minh_Chung_Hinh_Anh/images/unet2d_03.png, id=89, 1396.2564pt x 357.7365pt>
File: 03_Minh_Chung_Hinh_Anh/images/unet2d_03.png Graphic file (type png)
<use 03_Minh_Chung_Hinh_Anh/images/unet2d_03.png>
Package pdftex.def Info: 03_Minh_Chung_Hinh_Anh/images/unet2d_03.png  used on input line 94.
(pdftex.def)             Requested size: 218.51521pt x 55.98352pt.
<03_Minh_Chung_Hinh_Anh/images/unet2d_04.png, id=90, 1396.2564pt x 357.7365pt>
File: 03_Minh_Chung_Hinh_Anh/images/unet2d_04.png Graphic file (type png)
<use 03_Minh_Chung_Hinh_Anh/images/unet2d_04.png>
Package pdftex.def Info: 03_Minh_Chung_Hinh_Anh/images/unet2d_04.png  used on input line 95.
(pdftex.def)             Requested size: 218.51521pt x 55.98352pt.
<03_Minh_Chung_Hinh_Anh/images/unet2d_05.png, id=91, 1396.2564pt x 357.7365pt>
File: 03_Minh_Chung_Hinh_Anh/images/unet2d_05.png Graphic file (type png)
<use 03_Minh_Chung_Hinh_Anh/images/unet2d_05.png>
Package pdftex.def Info: 03_Minh_Chung_Hinh_Anh/images/unet2d_05.png  used on input line 96.
(pdftex.def)             Requested size: 218.51521pt x 55.98352pt.
<03_Minh_Chung_Hinh_Anh/images/unet2d_06.png, id=92, 1396.2564pt x 357.7365pt>
File: 03_Minh_Chung_Hinh_Anh/images/unet2d_06.png Graphic file (type png)
<use 03_Minh_Chung_Hinh_Anh/images/unet2d_06.png>
Package pdftex.def Info: 03_Minh_Chung_Hinh_Anh/images/unet2d_06.png  used on input line 97.
(pdftex.def)             Requested size: 218.51521pt x 55.98352pt.
<03_Minh_Chung_Hinh_Anh/images/unet2d_07.png, id=93, 1396.2564pt x 357.7365pt>
File: 03_Minh_Chung_Hinh_Anh/images/unet2d_07.png Graphic file (type png)
<use 03_Minh_Chung_Hinh_Anh/images/unet2d_07.png>
Package pdftex.def Info: 03_Minh_Chung_Hinh_Anh/images/unet2d_07.png  used on input line 98.
(pdftex.def)             Requested size: 218.51521pt x 55.98352pt.
<03_Minh_Chung_Hinh_Anh/images/unet2d_08.png, id=94, 1396.2564pt x 357.7365pt>
File: 03_Minh_Chung_Hinh_Anh/images/unet2d_08.png Graphic file (type png)
<use 03_Minh_Chung_Hinh_Anh/images/unet2d_08.png>
Package pdftex.def Info: 03_Minh_Chung_Hinh_Anh/images/unet2d_08.png  used on input line 99.
(pdftex.def)             Requested size: 218.51521pt x 55.98352pt.
<03_Minh_Chung_Hinh_Anh/images/unet2d_09.png, id=95, 1396.2564pt x 357.7365pt>
File: 03_Minh_Chung_Hinh_Anh/images/unet2d_09.png Graphic file (type png)
<use 03_Minh_Chung_Hinh_Anh/images/unet2d_09.png>
Package pdftex.def Info: 03_Minh_Chung_Hinh_Anh/images/unet2d_09.png  used on input line 100.
(pdftex.def)             Requested size: 218.51521pt x 55.98352pt.
<03_Minh_Chung_Hinh_Anh/images/unet2d_10.png, id=96, 1396.2564pt x 357.7365pt>
File: 03_Minh_Chung_Hinh_Anh/images/unet2d_10.png Graphic file (type png)
<use 03_Minh_Chung_Hinh_Anh/images/unet2d_10.png>
Package pdftex.def Info: 03_Minh_Chung_Hinh_Anh/images/unet2d_10.png  used on input line 101.
(pdftex.def)             Requested size: 218.51521pt x 55.98352pt.
<03_Minh_Chung_Hinh_Anh/images/attention-unet2d_01.png, id=97, 1394.0883pt x 357.7365pt>
File: 03_Minh_Chung_Hinh_Anh/images/attention-unet2d_01.png Graphic file (type png)
<use 03_Minh_Chung_Hinh_Anh/images/attention-unet2d_01.png>
Package pdftex.def Info: 03_Minh_Chung_Hinh_Anh/images/attention-unet2d_01.png  used on input line 115.
(pdftex.def)             Requested size: 218.51521pt x 56.07086pt.
<03_Minh_Chung_Hinh_Anh/images/attention-unet2d_02.png, id=98, 1394.0883pt x 357.7365pt>
File: 03_Minh_Chung_Hinh_Anh/images/attention-unet2d_02.png Graphic file (type png)
<use 03_Minh_Chung_Hinh_Anh/images/attention-unet2d_02.png>
Package pdftex.def Info: 03_Minh_Chung_Hinh_Anh/images/attention-unet2d_02.png  used on input line 116.
(pdftex.def)             Requested size: 218.51521pt x 56.07086pt.
<03_Minh_Chung_Hinh_Anh/images/attention-unet2d_03.png, id=99, 1394.0883pt x 357.7365pt>
File: 03_Minh_Chung_Hinh_Anh/images/attention-unet2d_03.png Graphic file (type png)
<use 03_Minh_Chung_Hinh_Anh/images/attention-unet2d_03.png>
Package pdftex.def Info: 03_Minh_Chung_Hinh_Anh/images/attention-unet2d_03.png  used on input line 117.
(pdftex.def)             Requested size: 218.51521pt x 56.07086pt.
<03_Minh_Chung_Hinh_Anh/images/attention-unet2d_04.png, id=100, 1394.0883pt x 357.7365pt>
File: 03_Minh_Chung_Hinh_Anh/images/attention-unet2d_04.png Graphic file (type png)
<use 03_Minh_Chung_Hinh_Anh/images/attention-unet2d_04.png>
Package pdftex.def Info: 03_Minh_Chung_Hinh_Anh/images/attention-unet2d_04.png  used on input line 118.
(pdftex.def)             Requested size: 218.51521pt x 56.07086pt.
<03_Minh_Chung_Hinh_Anh/images/attention-unet2d_05.png, id=101, 1394.0883pt x 357.7365pt>
File: 03_Minh_Chung_Hinh_Anh/images/attention-unet2d_05.png Graphic file (type png)
<use 03_Minh_Chung_Hinh_Anh/images/attention-unet2d_05.png>
Package pdftex.def Info: 03_Minh_Chung_Hinh_Anh/images/attention-unet2d_05.png  used on input line 119.
(pdftex.def)             Requested size: 218.51521pt x 56.07086pt.
<03_Minh_Chung_Hinh_Anh/images/attention-unet2d_06.png, id=102, 1394.0883pt x 357.7365pt>
File: 03_Minh_Chung_Hinh_Anh/images/attention-unet2d_06.png Graphic file (type png)
<use 03_Minh_Chung_Hinh_Anh/images/attention-unet2d_06.png>
Package pdftex.def Info: 03_Minh_Chung_Hinh_Anh/images/attention-unet2d_06.png  used on input line 120.
(pdftex.def)             Requested size: 218.51521pt x 56.07086pt.
<03_Minh_Chung_Hinh_Anh/images/attention-unet2d_07.png, id=103, 1394.0883pt x 357.7365pt>
File: 03_Minh_Chung_Hinh_Anh/images/attention-unet2d_07.png Graphic file (type png)
<use 03_Minh_Chung_Hinh_Anh/images/attention-unet2d_07.png>
Package pdftex.def Info: 03_Minh_Chung_Hinh_Anh/images/attention-unet2d_07.png  used on input line 121.
(pdftex.def)             Requested size: 218.51521pt x 56.07086pt.
<03_Minh_Chung_Hinh_Anh/images/attention-unet2d_08.png, id=104, 1394.0883pt x 357.7365pt>
File: 03_Minh_Chung_Hinh_Anh/images/attention-unet2d_08.png Graphic file (type png)
<use 03_Minh_Chung_Hinh_Anh/images/attention-unet2d_08.png>
Package pdftex.def Info: 03_Minh_Chung_Hinh_Anh/images/attention-unet2d_08.png  used on input line 122.
(pdftex.def)             Requested size: 218.51521pt x 56.07086pt.
<03_Minh_Chung_Hinh_Anh/images/attention-unet2d_09.png, id=105, 1394.0883pt x 357.7365pt>
File: 03_Minh_Chung_Hinh_Anh/images/attention-unet2d_09.png Graphic file (type png)
<use 03_Minh_Chung_Hinh_Anh/images/attention-unet2d_09.png>
Package pdftex.def Info: 03_Minh_Chung_Hinh_Anh/images/attention-unet2d_09.png  used on input line 123.
(pdftex.def)             Requested size: 218.51521pt x 56.07086pt.
<03_Minh_Chung_Hinh_Anh/images/attention-unet2d_10.png, id=106, 1394.0883pt x 357.7365pt>
File: 03_Minh_Chung_Hinh_Anh/images/attention-unet2d_10.png Graphic file (type png)
<use 03_Minh_Chung_Hinh_Anh/images/attention-unet2d_10.png>
Package pdftex.def Info: 03_Minh_Chung_Hinh_Anh/images/attention-unet2d_10.png  used on input line 124.
(pdftex.def)             Requested size: 218.51521pt x 56.07086pt.
<03_Minh_Chung_Hinh_Anh/images/vis_attunet_01.png, id=107, 1394.0883pt x 357.7365pt>
File: 03_Minh_Chung_Hinh_Anh/images/vis_attunet_01.png Graphic file (type png)
<use 03_Minh_Chung_Hinh_Anh/images/vis_attunet_01.png>
Package pdftex.def Info: 03_Minh_Chung_Hinh_Anh/images/vis_attunet_01.png  used on input line 131.
(pdftex.def)             Requested size: 455.24411pt x 116.81975pt.
<03_Minh_Chung_Hinh_Anh/images/finetune-sammed2d-test-robust_01.png, id=108, 1226.4219pt x 879.5259pt>
File: 03_Minh_Chung_Hinh_Anh/images/finetune-sammed2d-test-robust_01.png Graphic file (type png)
<use 03_Minh_Chung_Hinh_Anh/images/finetune-sammed2d-test-robust_01.png>
Package pdftex.def Info: 03_Minh_Chung_Hinh_Anh/images/finetune-sammed2d-test-robust_01.png  used on input line 147.
(pdftex.def)             Requested size: 218.51521pt x 156.69737pt.
<03_Minh_Chung_Hinh_Anh/images/finetune-sammed2d-test-robust_02.png, id=109, 1226.4219pt x 879.5259pt>
File: 03_Minh_Chung_Hinh_Anh/images/finetune-sammed2d-test-robust_02.png Graphic file (type png)
<use 03_Minh_Chung_Hinh_Anh/images/finetune-sammed2d-test-robust_02.png>
Package pdftex.def Info: 03_Minh_Chung_Hinh_Anh/images/finetune-sammed2d-test-robust_02.png  used on input line 148.
(pdftex.def)             Requested size: 218.51521pt x 156.69737pt.
<03_Minh_Chung_Hinh_Anh/images/finetune-sammed2d-test-robust_03.png, id=110, 1226.4219pt x 879.5259pt>
File: 03_Minh_Chung_Hinh_Anh/images/finetune-sammed2d-test-robust_03.png Graphic file (type png)
<use 03_Minh_Chung_Hinh_Anh/images/finetune-sammed2d-test-robust_03.png>
Package pdftex.def Info: 03_Minh_Chung_Hinh_Anh/images/finetune-sammed2d-test-robust_03.png  used on input line 149.
(pdftex.def)             Requested size: 218.51521pt x 156.69737pt.
<03_Minh_Chung_Hinh_Anh/images/finetune-sammed2d-test-robust_04.png, id=111, 1226.4219pt x 879.5259pt>
File: 03_Minh_Chung_Hinh_Anh/images/finetune-sammed2d-test-robust_04.png Graphic file (type png)
<use 03_Minh_Chung_Hinh_Anh/images/finetune-sammed2d-test-robust_04.png>
Package pdftex.def Info: 03_Minh_Chung_Hinh_Anh/images/finetune-sammed2d-test-robust_04.png  used on input line 150.
(pdftex.def)             Requested size: 218.51521pt x 156.69737pt.
<03_Minh_Chung_Hinh_Anh/images/finetune-sammed2d-test-robust_05.png, id=112, 1226.4219pt x 879.5259pt>
File: 03_Minh_Chung_Hinh_Anh/images/finetune-sammed2d-test-robust_05.png Graphic file (type png)
<use 03_Minh_Chung_Hinh_Anh/images/finetune-sammed2d-test-robust_05.png>
Package pdftex.def Info: 03_Minh_Chung_Hinh_Anh/images/finetune-sammed2d-test-robust_05.png  used on input line 151.
(pdftex.def)             Requested size: 218.51521pt x 156.69737pt.
<03_Minh_Chung_Hinh_Anh/images/finetune-sammed2d-test-robust_06.png, id=113, 1226.4219pt x 879.5259pt>
File: 03_Minh_Chung_Hinh_Anh/images/finetune-sammed2d-test-robust_06.png Graphic file (type png)
<use 03_Minh_Chung_Hinh_Anh/images/finetune-sammed2d-test-robust_06.png>
Package pdftex.def Info: 03_Minh_Chung_Hinh_Anh/images/finetune-sammed2d-test-robust_06.png  used on input line 152.
(pdftex.def)             Requested size: 218.51521pt x 156.69737pt.
<03_Minh_Chung_Hinh_Anh/images/finetune-sammed2d-test-robust_07.png, id=114, 1226.4219pt x 879.5259pt>
File: 03_Minh_Chung_Hinh_Anh/images/finetune-sammed2d-test-robust_07.png Graphic file (type png)
<use 03_Minh_Chung_Hinh_Anh/images/finetune-sammed2d-test-robust_07.png>
Package pdftex.def Info: 03_Minh_Chung_Hinh_Anh/images/finetune-sammed2d-test-robust_07.png  used on input line 153.
(pdftex.def)             Requested size: 218.51521pt x 156.69737pt.
<03_Minh_Chung_Hinh_Anh/images/finetune-sammed2d-test-robust_08.png, id=115, 1226.4219pt x 879.5259pt>
File: 03_Minh_Chung_Hinh_Anh/images/finetune-sammed2d-test-robust_08.png Graphic file (type png)
<use 03_Minh_Chung_Hinh_Anh/images/finetune-sammed2d-test-robust_08.png>
Package pdftex.def Info: 03_Minh_Chung_Hinh_Anh/images/finetune-sammed2d-test-robust_08.png  used on input line 154.
(pdftex.def)             Requested size: 218.51521pt x 156.69737pt.
<03_Minh_Chung_Hinh_Anh/images/finetune-sammed2d-test-robust_09.png, id=116, 1226.4219pt x 879.5259pt>
File: 03_Minh_Chung_Hinh_Anh/images/finetune-sammed2d-test-robust_09.png Graphic file (type png)
<use 03_Minh_Chung_Hinh_Anh/images/finetune-sammed2d-test-robust_09.png>
Package pdftex.def Info: 03_Minh_Chung_Hinh_Anh/images/finetune-sammed2d-test-robust_09.png  used on input line 155.
(pdftex.def)             Requested size: 218.51521pt x 156.69737pt.
<03_Minh_Chung_Hinh_Anh/images/finetune-sammed2d-test-robust_10.png, id=117, 1226.4219pt x 879.5259pt>
File: 03_Minh_Chung_Hinh_Anh/images/finetune-sammed2d-test-robust_10.png Graphic file (type png)
<use 03_Minh_Chung_Hinh_Anh/images/finetune-sammed2d-test-robust_10.png>
Package pdftex.def Info: 03_Minh_Chung_Hinh_Anh/images/finetune-sammed2d-test-robust_10.png  used on input line 156.
(pdftex.def)             Requested size: 218.51521pt x 156.69737pt.

LaTeX Warning: Float too large for page by 103.49889pt on input line 157.

<03_Minh_Chung_Hinh_Anh/images/vis_sam_ft_01.png, id=118, 1226.4219pt x 879.5259pt>
File: 03_Minh_Chung_Hinh_Anh/images/vis_sam_ft_01.png Graphic file (type png)
<use 03_Minh_Chung_Hinh_Anh/images/vis_sam_ft_01.png>
Package pdftex.def Info: 03_Minh_Chung_Hinh_Anh/images/vis_sam_ft_01.png  used on input line 163.
(pdftex.def)             Requested size: 455.24411pt x 326.4797pt.
<03_Minh_Chung_Hinh_Anh/images/sammed2d-zeroshot_01.png, id=119, 1226.4219pt x 879.5259pt>
File: 03_Minh_Chung_Hinh_Anh/images/sammed2d-zeroshot_01.png Graphic file (type png)
<use 03_Minh_Chung_Hinh_Anh/images/sammed2d-zeroshot_01.png>
Package pdftex.def Info: 03_Minh_Chung_Hinh_Anh/images/sammed2d-zeroshot_01.png  used on input line 179.
(pdftex.def)             Requested size: 218.51521pt x 156.69737pt.
<03_Minh_Chung_Hinh_Anh/images/sammed2d-zeroshot_02.png, id=120, 1226.4219pt x 879.5259pt>
File: 03_Minh_Chung_Hinh_Anh/images/sammed2d-zeroshot_02.png Graphic file (type png)
<use 03_Minh_Chung_Hinh_Anh/images/sammed2d-zeroshot_02.png>
Package pdftex.def Info: 03_Minh_Chung_Hinh_Anh/images/sammed2d-zeroshot_02.png  used on input line 180.
(pdftex.def)             Requested size: 218.51521pt x 156.69737pt.
<03_Minh_Chung_Hinh_Anh/images/sammed2d-zeroshot_03.png, id=121, 1226.4219pt x 879.5259pt>
File: 03_Minh_Chung_Hinh_Anh/images/sammed2d-zeroshot_03.png Graphic file (type png)
<use 03_Minh_Chung_Hinh_Anh/images/sammed2d-zeroshot_03.png>
Package pdftex.def Info: 03_Minh_Chung_Hinh_Anh/images/sammed2d-zeroshot_03.png  used on input line 181.
(pdftex.def)             Requested size: 218.51521pt x 156.69737pt.
<03_Minh_Chung_Hinh_Anh/images/sammed2d-zeroshot_04.png, id=122, 1226.4219pt x 879.5259pt>
File: 03_Minh_Chung_Hinh_Anh/images/sammed2d-zeroshot_04.png Graphic file (type png)
<use 03_Minh_Chung_Hinh_Anh/images/sammed2d-zeroshot_04.png>
Package pdftex.def Info: 03_Minh_Chung_Hinh_Anh/images/sammed2d-zeroshot_04.png  used on input line 182.
(pdftex.def)             Requested size: 218.51521pt x 156.69737pt.
<03_Minh_Chung_Hinh_Anh/images/sammed2d-zeroshot_05.png, id=123, 1226.4219pt x 879.5259pt>
File: 03_Minh_Chung_Hinh_Anh/images/sammed2d-zeroshot_05.png Graphic file (type png)
<use 03_Minh_Chung_Hinh_Anh/images/sammed2d-zeroshot_05.png>
Package pdftex.def Info: 03_Minh_Chung_Hinh_Anh/images/sammed2d-zeroshot_05.png  used on input line 183.
(pdftex.def)             Requested size: 218.51521pt x 156.69737pt.
<03_Minh_Chung_Hinh_Anh/images/sammed2d-zeroshot_06.png, id=124, 1226.4219pt x 879.5259pt>
File: 03_Minh_Chung_Hinh_Anh/images/sammed2d-zeroshot_06.png Graphic file (type png)
<use 03_Minh_Chung_Hinh_Anh/images/sammed2d-zeroshot_06.png>
Package pdftex.def Info: 03_Minh_Chung_Hinh_Anh/images/sammed2d-zeroshot_06.png  used on input line 184.
(pdftex.def)             Requested size: 218.51521pt x 156.69737pt.
<03_Minh_Chung_Hinh_Anh/images/sammed2d-zeroshot_07.png, id=125, 1226.4219pt x 879.5259pt>
File: 03_Minh_Chung_Hinh_Anh/images/sammed2d-zeroshot_07.png Graphic file (type png)
<use 03_Minh_Chung_Hinh_Anh/images/sammed2d-zeroshot_07.png>
Package pdftex.def Info: 03_Minh_Chung_Hinh_Anh/images/sammed2d-zeroshot_07.png  used on input line 185.
(pdftex.def)             Requested size: 218.51521pt x 156.69737pt.
<03_Minh_Chung_Hinh_Anh/images/sammed2d-zeroshot_08.png, id=126, 1226.4219pt x 879.5259pt>
File: 03_Minh_Chung_Hinh_Anh/images/sammed2d-zeroshot_08.png Graphic file (type png)
<use 03_Minh_Chung_Hinh_Anh/images/sammed2d-zeroshot_08.png>
Package pdftex.def Info: 03_Minh_Chung_Hinh_Anh/images/sammed2d-zeroshot_08.png  used on input line 186.
(pdftex.def)             Requested size: 218.51521pt x 156.69737pt.
<03_Minh_Chung_Hinh_Anh/images/sammed2d-zeroshot_09.png, id=127, 1226.4219pt x 879.5259pt>
File: 03_Minh_Chung_Hinh_Anh/images/sammed2d-zeroshot_09.png Graphic file (type png)
<use 03_Minh_Chung_Hinh_Anh/images/sammed2d-zeroshot_09.png>
Package pdftex.def Info: 03_Minh_Chung_Hinh_Anh/images/sammed2d-zeroshot_09.png  used on input line 187.
(pdftex.def)             Requested size: 218.51521pt x 156.69737pt.
<03_Minh_Chung_Hinh_Anh/images/sammed2d-zeroshot_10.png, id=128, 1226.4219pt x 879.5259pt>
File: 03_Minh_Chung_Hinh_Anh/images/sammed2d-zeroshot_10.png Graphic file (type png)
<use 03_Minh_Chung_Hinh_Anh/images/sammed2d-zeroshot_10.png>
Package pdftex.def Info: 03_Minh_Chung_Hinh_Anh/images/sammed2d-zeroshot_10.png  used on input line 188.
(pdftex.def)             Requested size: 218.51521pt x 156.69737pt.

LaTeX Warning: Float too large for page by 103.49889pt on input line 189.

[3] [4 <./03_Minh_Chung_Hinh_Anh/images/vis_pga_01.png>] [5 <./03_Minh_Chung_Hinh_Anh/images/unet2d_01.png> <./03_Minh_Chung_Hinh_Anh/images/unet2d_02.png> <./03_Minh_Chung_Hinh_Anh/images/unet2d_03.png> <./03_Minh_Chung_Hinh_Anh/images/unet2d_04.png> <./03_Minh_Chung_Hinh_Anh/images/unet2d_05.png> <./03_Minh_Chung_Hinh_Anh/images/unet2d_06.png> <./03_Minh_Chung_Hinh_Anh/images/unet2d_07.png> <./03_Minh_Chung_Hinh_Anh/images/unet2d_08.png> <./03_Minh_Chung_Hinh_Anh/images/unet2d_09.png> <./03_Minh_Chung_Hinh_Anh/images/unet2d_10.png> <./03_Minh_Chung_Hinh_Anh/images/attention-unet2d_01.png> <./03_Minh_Chung_Hinh_Anh/images/attention-unet2d_02.png> <./03_Minh_Chung_Hinh_Anh/images/attention-unet2d_03.png> <./03_Minh_Chung_Hinh_Anh/images/attention-unet2d_04.png> <./03_Minh_Chung_Hinh_Anh/images/attention-unet2d_05.png> <./03_Minh_Chung_Hinh_Anh/images/attention-unet2d_06.png> <./03_Minh_Chung_Hinh_Anh/images/attention-unet2d_07.png> <./03_Minh_Chung_Hinh_Anh/images/attention-unet2d_08.png> <./03_Minh_Chung_Hinh_Anh/images/attention-unet2d_09.png> <./03_Minh_Chung_Hinh_Anh/images/attention-unet2d_10.png>]
<03_Minh_Chung_Hinh_Anh/images/ablation_v1-nopsg-nocad-concat_01.png, id=162, 1424.4417pt x 2931.9939pt>
File: 03_Minh_Chung_Hinh_Anh/images/ablation_v1-nopsg-nocad-concat_01.png Graphic file (type png)
<use 03_Minh_Chung_Hinh_Anh/images/ablation_v1-nopsg-nocad-concat_01.png>
Package pdftex.def Info: 03_Minh_Chung_Hinh_Anh/images/ablation_v1-nopsg-nocad-concat_01.png  used on input line 212.
(pdftex.def)             Requested size: 455.24411pt x 937.0493pt.


LaTeX Warning: Float too large for page by 234.26622pt on input line 213.

<03_Minh_Chung_Hinh_Anh/images/ablation_v2-psg-only_01.png, id=163, 1424.4417pt x 2931.9939pt>
File: 03_Minh_Chung_Hinh_Anh/images/ablation_v2-psg-only_01.png Graphic file (type png)
<use 03_Minh_Chung_Hinh_Anh/images/ablation_v2-psg-only_01.png>
Package pdftex.def Info: 03_Minh_Chung_Hinh_Anh/images/ablation_v2-psg-only_01.png  used on input line 222.
(pdftex.def)             Requested size: 455.24411pt x 937.0493pt.

LaTeX Warning: Float too large for page by 234.26622pt on input line 223.

<03_Minh_Chung_Hinh_Anh/images/ablation_v3-cad-only_01.png, id=164, 1424.4417pt x 2931.9939pt>
File: 03_Minh_Chung_Hinh_Anh/images/ablation_v3-cad-only_01.png Graphic file (type png)
<use 03_Minh_Chung_Hinh_Anh/images/ablation_v3-cad-only_01.png>
Package pdftex.def Info: 03_Minh_Chung_Hinh_Anh/images/ablation_v3-cad-only_01.png  used on input line 232.
(pdftex.def)             Requested size: 455.24411pt x 937.0493pt.

LaTeX Warning: Float too large for page by 234.26622pt on input line 233.

<03_Minh_Chung_Hinh_Anh/images/ablation_v4-full-binaryprompt_01.png, id=165, 1424.4417pt x 2931.9939pt>
File: 03_Minh_Chung_Hinh_Anh/images/ablation_v4-full-binaryprompt_01.png Graphic file (type png)
<use 03_Minh_Chung_Hinh_Anh/images/ablation_v4-full-binaryprompt_01.png>
Package pdftex.def Info: 03_Minh_Chung_Hinh_Anh/images/ablation_v4-full-binaryprompt_01.png  used on input line 242.
(pdftex.def)             Requested size: 455.24411pt x 937.0493pt.

LaTeX Warning: Float too large for page by 234.26622pt on input line 243.

[6 <./03_Minh_Chung_Hinh_Anh/images/vis_attunet_01.png>] [7 <./03_Minh_Chung_Hinh_Anh/images/finetune-sammed2d-test-robust_01.png> <./03_Minh_Chung_Hinh_Anh/images/finetune-sammed2d-test-robust_02.png> <./03_Minh_Chung_Hinh_Anh/images/finetune-sammed2d-test-robust_03.png> <./03_Minh_Chung_Hinh_Anh/images/finetune-sammed2d-test-robust_04.png> <./03_Minh_Chung_Hinh_Anh/images/finetune-sammed2d-test-robust_05.png> <./03_Minh_Chung_Hinh_Anh/images/finetune-sammed2d-test-robust_06.png> <./03_Minh_Chung_Hinh_Anh/images/finetune-sammed2d-test-robust_07.png> <./03_Minh_Chung_Hinh_Anh/images/finetune-sammed2d-test-robust_08.png> <./03_Minh_Chung_Hinh_Anh/images/finetune-sammed2d-test-robust_09.png> <./03_Minh_Chung_Hinh_Anh/images/finetune-sammed2d-test-robust_10.png>]
<03_Minh_Chung_Hinh_Anh/images/cross-validation_pga-dataset-1_01.png, id=186, 1424.4417pt x 2931.9939pt>
File: 03_Minh_Chung_Hinh_Anh/images/cross-validation_pga-dataset-1_01.png Graphic file (type png)
<use 03_Minh_Chung_Hinh_Anh/images/cross-validation_pga-dataset-1_01.png>
Package pdftex.def Info: 03_Minh_Chung_Hinh_Anh/images/cross-validation_pga-dataset-1_01.png  used on input line 260.
(pdftex.def)             Requested size: 218.51521pt x 449.75682pt.
<03_Minh_Chung_Hinh_Anh/images/cross-validation_pga-dataset-2_01.png, id=187, 1424.4417pt x 2931.9939pt>
File: 03_Minh_Chung_Hinh_Anh/images/cross-validation_pga-dataset-2_01.png Graphic file (type png)
<use 03_Minh_Chung_Hinh_Anh/images/cross-validation_pga-dataset-2_01.png>
Package pdftex.def Info: 03_Minh_Chung_Hinh_Anh/images/cross-validation_pga-dataset-2_01.png  used on input line 261.
(pdftex.def)             Requested size: 218.51521pt x 449.75682pt.
<03_Minh_Chung_Hinh_Anh/images/cross-validation_pga-dataset-3_01.png, id=188, 1424.4417pt x 2931.9939pt>
File: 03_Minh_Chung_Hinh_Anh/images/cross-validation_pga-dataset-3_01.png Graphic file (type png)
<use 03_Minh_Chung_Hinh_Anh/images/cross-validation_pga-dataset-3_01.png>
Package pdftex.def Info: 03_Minh_Chung_Hinh_Anh/images/cross-validation_pga-dataset-3_01.png  used on input line 262.
(pdftex.def)             Requested size: 218.51521pt x 449.75682pt.
<03_Minh_Chung_Hinh_Anh/images/cross-validation_pga-dataset-4_01.png, id=189, 1424.4417pt x 2931.9939pt>
File: 03_Minh_Chung_Hinh_Anh/images/cross-validation_pga-dataset-4_01.png Graphic file (type png)
<use 03_Minh_Chung_Hinh_Anh/images/cross-validation_pga-dataset-4_01.png>
Package pdftex.def Info: 03_Minh_Chung_Hinh_Anh/images/cross-validation_pga-dataset-4_01.png  used on input line 263.
(pdftex.def)             Requested size: 218.51521pt x 449.75682pt.


LaTeX Warning: Float too large for page by 202.42934pt on input line 264.

<03_Minh_Chung_Hinh_Anh/images/subcat-pga-vs-baseline_01.png, id=190, 1368.7938pt x 3271.6629pt>
File: 03_Minh_Chung_Hinh_Anh/images/subcat-pga-vs-baseline_01.png Graphic file (type png)
<use 03_Minh_Chung_Hinh_Anh/images/subcat-pga-vs-baseline_01.png>
Package pdftex.def Info: 03_Minh_Chung_Hinh_Anh/images/subcat-pga-vs-baseline_01.png  used on input line 279.
(pdftex.def)             Requested size: 218.51521pt x 522.27866pt.
<03_Minh_Chung_Hinh_Anh/images/subcat-pga-vs-baseline_02.png, id=191, 1368.7938pt x 3271.6629pt>
File: 03_Minh_Chung_Hinh_Anh/images/subcat-pga-vs-baseline_02.png Graphic file (type png)
<use 03_Minh_Chung_Hinh_Anh/images/subcat-pga-vs-baseline_02.png>
Package pdftex.def Info: 03_Minh_Chung_Hinh_Anh/images/subcat-pga-vs-baseline_02.png  used on input line 280.
(pdftex.def)             Requested size: 218.51521pt x 522.27866pt.
<03_Minh_Chung_Hinh_Anh/images/subcat-pga-vs-baseline_03.png, id=192, 1368.7938pt x 3271.6629pt>
File: 03_Minh_Chung_Hinh_Anh/images/subcat-pga-vs-baseline_03.png Graphic file (type png)
<use 03_Minh_Chung_Hinh_Anh/images/subcat-pga-vs-baseline_03.png>
Package pdftex.def Info: 03_Minh_Chung_Hinh_Anh/images/subcat-pga-vs-baseline_03.png  used on input line 281.
(pdftex.def)             Requested size: 218.51521pt x 522.27866pt.
<03_Minh_Chung_Hinh_Anh/images/subcat-pga-vs-baseline_04.png, id=193, 1368.7938pt x 3271.6629pt>
File: 03_Minh_Chung_Hinh_Anh/images/subcat-pga-vs-baseline_04.png Graphic file (type png)
<use 03_Minh_Chung_Hinh_Anh/images/subcat-pga-vs-baseline_04.png>
Package pdftex.def Info: 03_Minh_Chung_Hinh_Anh/images/subcat-pga-vs-baseline_04.png  used on input line 282.
(pdftex.def)             Requested size: 218.51521pt x 522.27866pt.
<03_Minh_Chung_Hinh_Anh/images/subcat-pga-vs-baseline_05.png, id=194, 1368.7938pt x 3271.6629pt>
File: 03_Minh_Chung_Hinh_Anh/images/subcat-pga-vs-baseline_05.png Graphic file (type png)
<use 03_Minh_Chung_Hinh_Anh/images/subcat-pga-vs-baseline_05.png>
Package pdftex.def Info: 03_Minh_Chung_Hinh_Anh/images/subcat-pga-vs-baseline_05.png  used on input line 283.
(pdftex.def)             Requested size: 218.51521pt x 522.27866pt.
<03_Minh_Chung_Hinh_Anh/images/subcat-pga-vs-baseline_06.png, id=195, 1368.7938pt x 3598.3233pt>
File: 03_Minh_Chung_Hinh_Anh/images/subcat-pga-vs-baseline_06.png Graphic file (type png)
<use 03_Minh_Chung_Hinh_Anh/images/subcat-pga-vs-baseline_06.png>
Package pdftex.def Info: 03_Minh_Chung_Hinh_Anh/images/subcat-pga-vs-baseline_06.png  used on input line 284.
(pdftex.def)             Requested size: 218.51521pt x 574.42575pt.
<03_Minh_Chung_Hinh_Anh/images/subcat-pga-vs-baseline_07.png, id=196, 570.933pt x 353.4003pt>
File: 03_Minh_Chung_Hinh_Anh/images/subcat-pga-vs-baseline_07.png Graphic file (type png)
<use 03_Minh_Chung_Hinh_Anh/images/subcat-pga-vs-baseline_07.png>
Package pdftex.def Info: 03_Minh_Chung_Hinh_Anh/images/subcat-pga-vs-baseline_07.png  used on input line 285.
(pdftex.def)             Requested size: 218.51521pt x 135.25874pt.

LaTeX Warning: Float too large for page by 1068.55505pt on input line 286.

[8 <./03_Minh_Chung_Hinh_Anh/images/vis_sam_ft_01.png>] [9 <./03_Minh_Chung_Hinh_Anh/images/sammed2d-zeroshot_01.png> <./03_Minh_Chung_Hinh_Anh/images/sammed2d-zeroshot_02.png> <./03_Minh_Chung_Hinh_Anh/images/sammed2d-zeroshot_03.png> <./03_Minh_Chung_Hinh_Anh/images/sammed2d-zeroshot_04.png> <./03_Minh_Chung_Hinh_Anh/images/sammed2d-zeroshot_05.png> <./03_Minh_Chung_Hinh_Anh/images/sammed2d-zeroshot_06.png> <./03_Minh_Chung_Hinh_Anh/images/sammed2d-zeroshot_07.png> <./03_Minh_Chung_Hinh_Anh/images/sammed2d-zeroshot_08.png> <./03_Minh_Chung_Hinh_Anh/images/sammed2d-zeroshot_09.png> <./03_Minh_Chung_Hinh_Anh/images/sammed2d-zeroshot_10.png>] [10 <./03_Minh_Chung_Hinh_Anh/images/ablation_v1-nopsg-nocad-concat_01.png>] [11 <./03_Minh_Chung_Hinh_Anh/images/ablation_v2-psg-only_01.png>] [12 <./03_Minh_Chung_Hinh_Anh/images/ablation_v3-cad-only_01.png>] [13 <./03_Minh_Chung_Hinh_Anh/images/ablation_v4-full-binaryprompt_01.png>] [14 <./03_Minh_Chung_Hinh_Anh/images/cross-validation_pga-dataset-1_01.png> <./03_Minh_Chung_Hinh_Anh/images/cross-validation_pga-dataset-2_01.png> <./03_Minh_Chung_Hinh_Anh/images/cross-validation_pga-dataset-3_01.png> <./03_Minh_Chung_Hinh_Anh/images/cross-validation_pga-dataset-4_01.png>] [15 <./03_Minh_Chung_Hinh_Anh/images/subcat-pga-vs-baseline_01.png> <./03_Minh_Chung_Hinh_Anh/images/subcat-pga-vs-baseline_02.png> <./03_Minh_Chung_Hinh_Anh/images/subcat-pga-vs-baseline_03.png> <./03_Minh_Chung_Hinh_Anh/images/subcat-pga-vs-baseline_04.png> <./03_Minh_Chung_Hinh_Anh/images/subcat-pga-vs-baseline_05.png> <./03_Minh_Chung_Hinh_Anh/images/subcat-pga-vs-baseline_06.png> <./03_Minh_Chung_Hinh_Anh/images/subcat-pga-vs-baseline_07.png>]
<03_Minh_Chung_Hinh_Anh/images/subcat-pga-vs-sam_01.png, id=257, 1368.7938pt x 3271.6629pt>
File: 03_Minh_Chung_Hinh_Anh/images/subcat-pga-vs-sam_01.png Graphic file (type png)
<use 03_Minh_Chung_Hinh_Anh/images/subcat-pga-vs-sam_01.png>
Package pdftex.def Info: 03_Minh_Chung_Hinh_Anh/images/subcat-pga-vs-sam_01.png  used on input line 301.
(pdftex.def)             Requested size: 218.51521pt x 522.27866pt.
<03_Minh_Chung_Hinh_Anh/images/subcat-pga-vs-sam_02.png, id=258, 1368.7938pt x 3271.6629pt>
File: 03_Minh_Chung_Hinh_Anh/images/subcat-pga-vs-sam_02.png Graphic file (type png)
<use 03_Minh_Chung_Hinh_Anh/images/subcat-pga-vs-sam_02.png>
Package pdftex.def Info: 03_Minh_Chung_Hinh_Anh/images/subcat-pga-vs-sam_02.png  used on input line 302.
(pdftex.def)             Requested size: 218.51521pt x 522.27866pt.
<03_Minh_Chung_Hinh_Anh/images/subcat-pga-vs-sam_03.png, id=259, 1368.7938pt x 3271.6629pt>
File: 03_Minh_Chung_Hinh_Anh/images/subcat-pga-vs-sam_03.png Graphic file (type png)
<use 03_Minh_Chung_Hinh_Anh/images/subcat-pga-vs-sam_03.png>
Package pdftex.def Info: 03_Minh_Chung_Hinh_Anh/images/subcat-pga-vs-sam_03.png  used on input line 303.
(pdftex.def)             Requested size: 218.51521pt x 522.27866pt.
<03_Minh_Chung_Hinh_Anh/images/subcat-pga-vs-sam_04.png, id=260, 1368.7938pt x 3271.6629pt>
File: 03_Minh_Chung_Hinh_Anh/images/subcat-pga-vs-sam_04.png Graphic file (type png)
<use 03_Minh_Chung_Hinh_Anh/images/subcat-pga-vs-sam_04.png>
Package pdftex.def Info: 03_Minh_Chung_Hinh_Anh/images/subcat-pga-vs-sam_04.png  used on input line 304.
(pdftex.def)             Requested size: 218.51521pt x 522.27866pt.
<03_Minh_Chung_Hinh_Anh/images/subcat-pga-vs-sam_05.png, id=261, 1368.7938pt x 3271.6629pt>
File: 03_Minh_Chung_Hinh_Anh/images/subcat-pga-vs-sam_05.png Graphic file (type png)
<use 03_Minh_Chung_Hinh_Anh/images/subcat-pga-vs-sam_05.png>
Package pdftex.def Info: 03_Minh_Chung_Hinh_Anh/images/subcat-pga-vs-sam_05.png  used on input line 305.
(pdftex.def)             Requested size: 218.51521pt x 522.27866pt.
<03_Minh_Chung_Hinh_Anh/images/subcat-pga-vs-sam_06.png, id=262, 1368.7938pt x 3271.6629pt>
File: 03_Minh_Chung_Hinh_Anh/images/subcat-pga-vs-sam_06.png Graphic file (type png)
<use 03_Minh_Chung_Hinh_Anh/images/subcat-pga-vs-sam_06.png>
Package pdftex.def Info: 03_Minh_Chung_Hinh_Anh/images/subcat-pga-vs-sam_06.png  used on input line 306.
(pdftex.def)             Requested size: 218.51521pt x 522.27866pt.
<03_Minh_Chung_Hinh_Anh/images/subcat-pga-vs-sam_07.png, id=263, 714.7503pt x 354.123pt>
File: 03_Minh_Chung_Hinh_Anh/images/subcat-pga-vs-sam_07.png Graphic file (type png)
<use 03_Minh_Chung_Hinh_Anh/images/subcat-pga-vs-sam_07.png>
Package pdftex.def Info: 03_Minh_Chung_Hinh_Anh/images/subcat-pga-vs-sam_07.png  used on input line 307.
(pdftex.def)             Requested size: 218.51521pt x 108.264pt.


LaTeX Warning: Float too large for page by 989.41322pt on input line 308.


Overfull \hbox (3.58487pt too wide) in paragraph at lines 320--321
\T5/cmr/m/n/12 ROC (AUC=0.9258), phĄn phči xˇc su§t dü ^^_oˇn. Ac-cu-racy=85.60%, Sen-si-tiv-ity=78.61%,
 []

<03_Minh_Chung_Hinh_Anh/images/efficientnet_b3_01.png, id=264, 852.0633pt x 354.123pt>
File: 03_Minh_Chung_Hinh_Anh/images/efficientnet_b3_01.png Graphic file (type png)
<use 03_Minh_Chung_Hinh_Anh/images/efficientnet_b3_01.png>
Package pdftex.def Info: 03_Minh_Chung_Hinh_Anh/images/efficientnet_b3_01.png  used on input line 324.
(pdftex.def)             Requested size: 455.24411pt x 189.20807pt.

Overfull \hbox (24.7119pt too wide) in paragraph at lines 336--337
[]\T5/cmr/m/n/12 PhĄn lo¤i: TP=181, FP=38, FN=6, TN=150 --- Sen-si-tiv-ity=96.79%, Speci-ficity=79.79% 
 []

<03_Minh_Chung_Hinh_Anh/images/pipeline-evaluation_01.png, id=265, 831.105pt x 281.853pt>
File: 03_Minh_Chung_Hinh_Anh/images/pipeline-evaluation_01.png Graphic file (type png)
<use 03_Minh_Chung_Hinh_Anh/images/pipeline-evaluation_01.png>
Package pdftex.def Info: 03_Minh_Chung_Hinh_Anh/images/pipeline-evaluation_01.png  used on input line 342.
(pdftex.def)             Requested size: 455.24411pt x 154.38742pt.
) [16] [17 <./03_Minh_Chung_Hinh_Anh/images/subcat-pga-vs-sam_01.png> <./03_Minh_Chung_Hinh_Anh/images/subcat-pga-vs-sam_02.png> <./03_Minh_Chung_Hinh_Anh/images/subcat-pga-vs-sam_03.png> <./03_Minh_Chung_Hinh_Anh/images/subcat-pga-vs-sam_04.png> <./03_Minh_Chung_Hinh_Anh/images/subcat-pga-vs-sam_05.png> <./03_Minh_Chung_Hinh_Anh/images/subcat-pga-vs-sam_06.png> <./03_Minh_Chung_Hinh_Anh/images/subcat-pga-vs-sam_07.png>] [18 <./03_Minh_Chung_Hinh_Anh/images/efficientnet_b3_01.png> <./03_Minh_Chung_Hinh_Anh/images/pipeline-evaluation_01.png>] (./03_Minh_Chung_Hinh_Anh.aux)
 ***********
LaTeX2e <2023-11-01> patch level 1
L3 programming layer <2024-01-22>
 ***********
Package rerunfilecheck Info: File `03_Minh_Chung_Hinh_Anh.out' has not changed.
(rerunfilecheck)             Checksum: D1B45DCE8A14806E501FA792BB5EA04E;4779.
 ) 
Here is how much of TeX's memory you used:
 14159 strings out of 476182
 240846 string characters out of 5795595
 1937975 words of memory out of 5000000
 35927 multiletter control sequences out of 15000+600000
 571203 words of font info for 65 fonts, out of 8000000 for 9000
 14 hyphenation exceptions out of 8191
 69i,9n,79p,1289b,531s stack positions out of 10000i,1000n,20000p,200000b,200000s
 </home/thongluc/.texlive2023/texmf-var/fonts/pk/ljfour/jknappen/ec/tcrm1200.600pk> </home/thongluc/texmf/fonts/pk/ljfour/vntex/vnr/vnbx12.720pk> </home/thongluc/texmf/fonts/pk/ljfour/vntex/vnr/vntt12.600pk> </home/thongluc/texmf/fonts/pk/ljfour/vntex/vnr/vnr12.600pk> </home/thongluc/texmf/fonts/pk/ljfour/vntex/vnr/vnbx12.600pk> </home/thongluc/texmf/fonts/pk/ljfour/vntex/vnr/vnbxti10.720pk> </home/thongluc/texmf/fonts/pk/ljfour/vntex/vnr/vnitt10.720pk> </home/thongluc/texmf/fonts/pk/ljfour/vntex/vnr/vnti12.600pk> </home/thongluc/texmf/fonts/pk/ljfour/vntex/vnr/vnbx12.864pk></usr/share/texlive/texmf-dist/fonts/type1/public/amsfonts/cm/cmr12.pfb></usr/share/texlive/texmf-dist/fonts/type1/public/amsfonts/cm/cmsy10.pfb>
Output written on 03_Minh_Chung_Hinh_Anh.pdf (18 pages, 89890594 bytes).
PDF statistics:
 761 PDF objects out of 1000 (max. 8388607)
 173 compressed objects within 2 object streams
 34 named destinations out of 1000 (max. 500000)
 461 words of extra memory for PDF output out of 10000 (max. 10000000)

