\BOOKMARK [1][-]{section.1}{\376\377\000M\000i\000n\000h\000\040\000C\000h\036\351\000n\000g\000\040\000H\000\354\000n\000h\000\040\036\242\000n\000h}{}% 1
\BOOKMARK [2][-]{subsection.1.1}{\376\377\000T\036\325\000n\000g\000\040\000Q\000u\000a\000n\000\040\000H\000\354\000n\000h\000\040\036\242\000n\000h\000\040\000\050\0006\0008\000\040\000f\000i\000l\000e\000\051}{section.1}% 2
\BOOKMARK [1][-]{section.2}{\376\377\000P\000H\036\246\000N\000\040\000I\000\040\040\024\000\040\001\020\000\323\000N\000G\000\040\000G\000\323\000P\000\040\0001\000:\000\040\000K\036\277\000t\000\040\000Q\000u\036\243\000\040\000P\000G\000A\000-\000U\000N\000e\000t}{}% 3
\BOOKMARK [2][-]{subsection.2.1}{\376\377\000A\000.\000\040\000P\000G\000A\000-\000U\000N\000e\000t\000\040\040\024\000\040\000K\036\277\000t\000\040\000Q\000u\036\243\000\040\000P\000h\000\342\000n\000\040\001\020\000o\036\241\000n\000\040\000C\000h\000\355\000n\000h}{section.2}% 4
\BOOKMARK [3][-]{subsubsection.2.1.1}{\376\377\000A\000.\0001\000\040\000K\036\277\000t\000\040\000q\000u\036\243\000\040\000t\036\325\000n\000g\000\040\000h\036\343\000p\000\040\000t\000r\000\352\000n\000\040\000t\036\255\000p\000\040\000t\000e\000s\000t}{subsection.2.1}% 5
\BOOKMARK [3][-]{subsubsection.2.1.2}{\376\377\000A\000.\0002\000\040\000M\000i\000n\000h\000\040\000h\036\315\000a\000\040\000t\000r\036\361\000c\000\040\000q\000u\000a\000n\000\040\001\021\036\313\000n\000h\000\040\000t\000\355\000n\000h}{subsection.2.1}% 6
\BOOKMARK [2][-]{subsection.2.2}{\376\377\000B\000.\000\040\000U\000-\000N\000e\000t\000\040\040\024\000\040\000B\000a\000s\000e\000l\000i\000n\000e\000\040\000T\036\361\000\040\001\020\036\331\000n\000g\000\040\000\050\000K\000h\000\364\000n\000g\000\040\000C\000\363\000\040\000P\000r\000o\000m\000p\000t\000\051}{section.2}% 7
\BOOKMARK [2][-]{subsection.2.3}{\376\377\000C\000.\000\040\000A\000t\000t\000e\000n\000t\000i\000o\000n\000\040\000U\000-\000N\000e\000t\000\040\040\024\000\040\000B\000a\000s\000e\000l\000i\000n\000e\000\040\000T\036\361\000\040\001\020\036\331\000n\000g}{section.2}% 8
\BOOKMARK [2][-]{subsection.2.4}{\376\377\000D\000.\000\040\000S\000A\000M\000-\000M\000e\000d\0002\000D\000\040\000F\000i\000n\000e\000-\000T\000u\000n\000e\000d\000\040\040\024\000\040\000M\000\364\000\040\000H\000\354\000n\000h\000\040\000S\000o\000\040\000S\000\341\000n\000h}{section.2}% 9
\BOOKMARK [2][-]{subsection.2.5}{\376\377\000E\000.\000\040\000S\000A\000M\000-\000M\000e\000d\0002\000D\000\040\000Z\000e\000r\000o\000-\000S\000h\000o\000t\000\040\040\024\000\040\001\020\000\341\000n\000h\000\040\000G\000i\000\341\000\040\000K\000h\000\364\000n\000g\000\040\000F\000i\000n\000e\000-\000T\000u\000n\000e}{section.2}% 10
\BOOKMARK [2][-]{subsection.2.6}{\376\377\000F\000.\000\040\000A\000b\000l\000a\000t\000i\000o\000n\000\040\040\024\000\040\001\020\000\363\000n\000g\000\040\000G\000\363\000p\000\040\000T\036\353\000n\000g\000\040\000T\000h\000\340\000n\000h\000\040\000P\000h\036\247\000n\000\040\000K\000i\036\277\000n\000\040\000T\000r\000\372\000c}{section.2}% 11
\BOOKMARK [3][-]{subsubsection.2.6.1}{\376\377\000F\000.\0001\000\040\000V\0001\000\040\040\024\000\040\000C\000o\000n\000c\000a\000t\000\040\001\021\001\241\000n\000\040\000g\000i\036\243\000n\000\040\000\050\000k\000h\000\364\000n\000g\000\040\000P\000S\000G\000,\000\040\000k\000h\000\364\000n\000g\000\040\000C\000A\000D\000\051}{subsection.2.6}% 12
\BOOKMARK [3][-]{subsubsection.2.6.2}{\376\377\000F\000.\0002\000\040\000V\0002\000\040\040\024\000\040\000C\000h\036\311\000\040\000P\000S\000G\000\040\000\050\000k\000h\000\364\000n\000g\000\040\000C\000A\000D\000\051}{subsection.2.6}% 13
\BOOKMARK [3][-]{subsubsection.2.6.3}{\376\377\000F\000.\0003\000\040\000V\0003\000\040\040\024\000\040\000C\000h\036\311\000\040\000C\000A\000D\000\040\000\050\000k\000h\000\364\000n\000g\000\040\000P\000S\000G\000\051}{subsection.2.6}% 14
\BOOKMARK [3][-]{subsubsection.2.6.4}{\376\377\000F\000.\0004\000\040\000V\0004\000\040\040\024\000\040\000P\000S\000G\000\040\000+\000\040\000C\000A\000D\000,\000\040\000B\000i\000n\000a\000r\000y\000\040\000b\000b\000o\000x}{subsection.2.6}% 15
\BOOKMARK [2][-]{subsection.2.7}{\376\377\000G\000.\000\040\000C\000r\000o\000s\000s\000-\000V\000a\000l\000i\000d\000a\000t\000i\000o\000n\000\040\040\024\000\040\000K\000i\036\303\000m\000\040\001\020\036\313\000n\000h\000\040\001\020\036\331\000\040\036\324\000n\000\040\001\020\036\313\000n\000h\000\040\0004\000\040\000F\000o\000l\000d}{section.2}% 16
\BOOKMARK [2][-]{subsection.2.8}{\376\377\000H\000.\000\040\000S\000u\000b\000-\000C\000a\000t\000e\000g\000o\000r\000y\000\040\040\024\000\040\000P\000G\000A\000\040\000v\000s\000\040\000B\000a\000s\000e\000l\000i\000n\000e\000\040\000\050\000N\000h\000\363\000m\000\040\000D\036\305\000\040\000/\000\040\000K\000h\000\363\000\051}{section.2}% 17
\BOOKMARK [2][-]{subsection.2.9}{\376\377\000I\000.\000\040\000S\000u\000b\000-\000C\000a\000t\000e\000g\000o\000r\000y\000\040\040\024\000\040\000P\000G\000A\000\040\000v\000s\000\040\000S\000A\000M\000-\000M\000e\000d\0002\000D\000\040\000\050\0003\000\040\000N\000h\000\363\000m\000\040\001\020\036\267\000c\000\040\000T\000\355\000n\000h\000\040\000L\000\342\000m\000\040\000S\000\340\000n\000g\000\051}{section.2}% 18
\BOOKMARK [1][-]{section.3}{\376\377\000P\000H\036\246\000N\000\040\000I\000I\000\040\040\024\000\040\001\020\000\323\000N\000G\000\040\000G\000\323\000P\000\040\0002\000:\000\040\000P\000i\000p\000e\000l\000i\000n\000e\000\040\000L\000\342\000m\000\040\000S\000\340\000n\000g}{}% 19
\BOOKMARK [2][-]{subsection.3.1}{\376\377\000J\000.\000\040\000E\000f\000f\000i\000c\000i\000e\000n\000t\000N\000e\000t\000\137\000B\0003\000\040\040\024\000\040\000K\036\277\000t\000\040\000Q\000u\036\243\000\040\000P\000h\000\342\000n\000\040\000L\036\333\000p\000\040\000S\000\340\000n\000g\000\040\000L\036\315\000c}{section.3}% 20
\BOOKMARK [2][-]{subsection.3.2}{\376\377\000K\000.\000\040\000P\000i\000p\000e\000l\000i\000n\000e\000\040\000E\000n\000d\000-\000t\000o\000-\000E\000n\000d\000\040\040\024\000\040\001\020\000\341\000n\000h\000\040\000G\000i\000\341\000\040\000T\000r\000\352\000n\000\040\000D\000a\000t\000a\000s\000e\000t\000\137\000O\000n\000l\000i\000n\000e}{section.3}% 21
